This is XeTeX, Version 3.14159265-2.6-0.999992 (TeX Live 2020) (preloaded format=xelatex 2020.6.1)  8 JUN 2020 10:54
entering extended mode
 restricted \write18 enabled.
 %&-line parsing enabled.
**index.tex
(./index.tex
LaTeX2e <2020-02-02> patch level 5
L3 programming layer <2020-03-06>

! LaTeX Error: File `iheid.cls' not found.

Type X to quit or <RETURN> to proceed,
or enter new name. (Default extension: cls)

Enter file name: 
! Emergency stop.
<read *> 
         
l.5 ^^M
        
Here is how much of TeX's memory you used:
 20 strings out of 480897
 342 string characters out of 5914582
 241576 words of memory out of 5000000
 17557 multiletter control sequences out of 15000+600000
 532338 words of font info for 24 fonts, out of 8000000 for 9000
 319 hyphenation exceptions out of 8191
 14i,0n,17p,66b,10s stack positions out of 5000i,500n,10000p,200000b,80000s

No pages of output.
